# JRE version: Java(TM) SE Runtime Environment (8.0_191-b12) (build 1.8.0_191-b12)
# Java VM: Java HotSpot(TM) 64-Bit Server VM (25.191-b12 mixed mode bsd-amd64 compressed oops)
Heap:
 PSYoungGen      total 415232K, used 69584K [0x0000000780000000, 0x000000079da80000, 0x00000007c0000000)
  eden space 389632K, 17% used [0x0000000780000000,0x00000007843f4158,0x0000000797c80000)
  from space 25600K, 0% used [0x0000000798880000,0x0000000798880000,0x000000079a180000)
  to   space 48128K, 0% used [0x000000079ab80000,0x000000079ab80000,0x000000079da80000)
 ParOldGen       total 527360K, used 70145K [0x0000000700000000, 0x0000000720300000, 0x0000000780000000)
  object space 527360K, 13% used [0x0000000700000000,0x0000000704480780,0x0000000720300000)
 Metaspace       used 149789K, capacity 164447K, committed 167808K, reserved 1193984K
  class space    used 20024K, capacity 22720K, committed 23424K, reserved 1048576K
GC Heap History (10 events):
Event: 1596.920 GC heap before
{Heap before GC invocations=30 (full 4):
 PSYoungGen      total 470016K, used 469924K [0x0000000780000000, 0x00000007a1980000, 0x00000007c0000000)
  eden space 435712K, 100% used [0x0000000780000000,0x000000079a980000,0x000000079a980000)
  from space 34304K, 99% used [0x000000079df80000,0x00000007a00e9158,0x00000007a0100000)
  to   space 25088K, 0% used [0x00000007a0100000,0x00000007a0100000,0x00000007a1980000)
 ParOldGen       total 400896K, used 84679K [0x0000000700000000, 0x0000000718780000, 0x0000000780000000)
  object space 400896K, 21% used [0x0000000700000000,0x00000007052b1c28,0x0000000718780000)
 Metaspace       used 147560K, capacity 163891K, committed 164096K, reserved 1189888K
  class space    used 20006K, capacity 22980K, committed 23040K, reserved 1048576K
Event: 1597.039 GC heap after
Heap after GC invocations=30 (full 4):
 PSYoungGen      total 448512K, used 25081K [0x0000000780000000, 0x00000007a1980000, 0x00000007c0000000)
  eden space 423424K, 0% used [0x0000000780000000,0x0000000780000000,0x0000000799d80000)
  from space 25088K, 99% used [0x00000007a0100000,0x00000007a197e560,0x00000007a1980000)
  to   space 52224K, 0% used [0x000000079b380000,0x000000079b380000,0x000000079e680000)
 ParOldGen       total 400896K, used 93943K [0x0000000700000000, 0x0000000718780000, 0x0000000780000000)
  object space 400896K, 23% used [0x0000000700000000,0x0000000705bbdc40,0x0000000718780000)
 Metaspace       used 147560K, capacity 163891K, committed 164096K, reserved 1189888K
  class space    used 20006K, capacity 22980K, committed 23040K, reserved 1048576K
}
Event: 2912.393 GC heap before
{Heap before GC invocations=31 (full 4):
 PSYoungGen      total 448512K, used 448505K [0x0000000780000000, 0x00000007a1980000, 0x00000007c0000000)
  eden space 423424K, 100% used [0x0000000780000000,0x0000000799d80000,0x0000000799d80000)
  from space 25088K, 99% used [0x00000007a0100000,0x00000007a197e560,0x00000007a1980000)
  to   space 52224K, 0% used [0x000000079b380000,0x000000079b380000,0x000000079e680000)
 ParOldGen       total 400896K, used 93943K [0x0000000700000000, 0x0000000718780000, 0x0000000780000000)
  object space 400896K, 23% used [0x0000000700000000,0x0000000705bbdc40,0x0000000718780000)
 Metaspace       used 147681K, capacity 164027K, committed 164096K, reserved 1189888K
  class space    used 20012K, capacity 22980K, committed 23040K, reserved 1048576K
Event: 2912.727 GC heap after
Heap after GC invocations=31 (full 4):
 PSYoungGen      total 437760K, used 25647K [0x0000000780000000, 0x00000007a0180000, 0x00000007c0000000)
  eden space 411648K, 0% used [0x0000000780000000,0x0000000780000000,0x0000000799200000)
  from space 26112K, 98% used [0x000000079b380000,0x000000079cc8bf50,0x000000079cd00000)
  to   space 50688K, 0% used [0x000000079d000000,0x000000079d000000,0x00000007a0180000)
 ParOldGen       total 400896K, used 93951K [0x0000000700000000, 0x0000000718780000, 0x0000000780000000)
  object space 400896K, 23% used [0x0000000700000000,0x0000000705bbfc40,0x0000000718780000)
 Metaspace       used 147681K, capacity 164027K, committed 164096K, reserved 1189888K
  class space    used 20012K, capacity 22980K, committed 23040K, reserved 1048576K
}
Event: 4518.188 GC heap before
{Heap before GC invocations=32 (full 4):
 PSYoungGen      total 437760K, used 437295K [0x0000000780000000, 0x00000007a0180000, 0x00000007c0000000)
  eden space 411648K, 100% used [0x0000000780000000,0x0000000799200000,0x0000000799200000)
  from space 26112K, 98% used [0x000000079b380000,0x000000079cc8bf50,0x000000079cd00000)
  to   space 50688K, 0% used [0x000000079d000000,0x000000079d000000,0x00000007a0180000)
 ParOldGen       total 400896K, used 93951K [0x0000000700000000, 0x0000000718780000, 0x0000000780000000)
  object space 400896K, 23% used [0x0000000700000000,0x0000000705bbfc40,0x0000000718780000)
 Metaspace       used 147785K, capacity 164163K, committed 164268K, reserved 1189888K
  class space    used 20013K, capacity 22980K, committed 23040K, reserved 1048576K
Event: 4518.335 GC heap after
Heap after GC invocations=32 (full 4):
 PSYoungGen      total 426496K, used 26057K [0x0000000780000000, 0x000000079e980000, 0x00000007c0000000)
  eden space 400384K, 0% used [0x0000000780000000,0x0000000780000000,0x0000000798700000)
  from space 26112K, 99% used [0x000000079d000000,0x000000079e972600,0x000000079e980000)
  to   space 49664K, 0% used [0x0000000798880000,0x0000000798880000,0x000000079b900000)
 ParOldGen       total 400896K, used 93959K [0x0000000700000000, 0x0000000718780000, 0x0000000780000000)
  object space 400896K, 23% used [0x0000000700000000,0x0000000705bc1c40,0x0000000718780000)
 Metaspace       used 147785K, capacity 164163K, committed 164268K, reserved 1189888K
  class space    used 20013K, capacity 22980K, committed 23040K, reserved 1048576K
}
Event: 5641.293 GC heap before
{Heap before GC invocations=33 (full 4):
 PSYoungGen      total 426496K, used 324186K [0x0000000780000000, 0x000000079e980000, 0x00000007c0000000)
  eden space 400384K, 74% used [0x0000000780000000,0x0000000792324568,0x0000000798700000)
  from space 26112K, 99% used [0x000000079d000000,0x000000079e972600,0x000000079e980000)
  to   space 49664K, 0% used [0x0000000798880000,0x0000000798880000,0x000000079b900000)
 ParOldGen       total 400896K, used 93959K [0x0000000700000000, 0x0000000718780000, 0x0000000780000000)
  object space 400896K, 23% used [0x0000000700000000,0x0000000705bc1c40,0x0000000718780000)
 Metaspace       used 147858K, capacity 164219K, committed 164268K, reserved 1189888K
  class space    used 20023K, capacity 22994K, committed 23040K, reserved 1048576K
Event: 5641.378 GC heap after
Heap after GC invocations=33 (full 4):
 PSYoungGen      total 415232K, used 25190K [0x0000000780000000, 0x000000079da80000, 0x00000007c0000000)
  eden space 389632K, 0% used [0x0000000780000000,0x0000000780000000,0x0000000797c80000)
  from space 25600K, 98% used [0x0000000798880000,0x000000079a119800,0x000000079a180000)
  to   space 48128K, 0% used [0x000000079ab80000,0x000000079ab80000,0x000000079da80000)
 ParOldGen       total 400896K, used 93967K [0x0000000700000000, 0x0000000718780000, 0x0000000780000000)
  object space 400896K, 23% used [0x0000000700000000,0x0000000705bc3c40,0x0000000718780000)
 Metaspace       used 147858K, capacity 164219K, committed 164268K, reserved 1189888K
  class space    used 20023K, capacity 22994K, committed 23040K, reserved 1048576K
}
Event: 5641.379 GC heap before
{Heap before GC invocations=34 (full 5):
 PSYoungGen      total 415232K, used 25190K [0x0000000780000000, 0x000000079da80000, 0x00000007c0000000)
  eden space 389632K, 0% used [0x0000000780000000,0x0000000780000000,0x0000000797c80000)
  from space 25600K, 98% used [0x0000000798880000,0x000000079a119800,0x000000079a180000)
  to   space 48128K, 0% used [0x000000079ab80000,0x000000079ab80000,0x000000079da80000)
 ParOldGen       total 400896K, used 93967K [0x0000000700000000, 0x0000000718780000, 0x0000000780000000)
  object space 400896K, 23% used [0x0000000700000000,0x0000000705bc3c40,0x0000000718780000)
 Metaspace       used 147858K, capacity 164219K, committed 164268K, reserved 1189888K
  class space    used 20023K, capacity 22994K, committed 23040K, reserved 1048576K
Event: 5642.362 GC heap after
Heap after GC invocations=34 (full 5):
 PSYoungGen      total 415232K, used 0K [0x0000000780000000, 0x000000079da80000, 0x00000007c0000000)
  eden space 389632K, 0% used [0x0000000780000000,0x0000000780000000,0x0000000797c80000)
  from space 25600K, 0% used [0x0000000798880000,0x0000000798880000,0x000000079a180000)
  to   space 48128K, 0% used [0x000000079ab80000,0x000000079ab80000,0x000000079da80000)
 ParOldGen       total 527360K, used 70145K [0x0000000700000000, 0x0000000720300000, 0x0000000780000000)
  object space 527360K, 13% used [0x0000000700000000,0x0000000704480780,0x0000000720300000)
 Metaspace       used 146123K, capacity 160305K, committed 164268K, reserved 1189888K
  class space    used 19570K, capacity 22183K, committed 23040K, reserved 1048576K
}

